<?xml version="1.0" encoding="UTF-8"?>
<!-- Generated by org.testng.reporters.JUnitXMLReporter -->
<testsuite hostname="DESKTOP-HRIOVEA" ignored="0" name="login Page Test Case" tests="4" failures="0" timestamp="2019-12-21T14:26:16 IST" time="25.534" errors="0">
  <testcase name="loginpage" time="0.481" classname="testcases.UserManagementTestCase"/>
  <testcase name="click_on_usermanagement" time="7.44" classname="testcases.UserManagementTestCase"/>
  <testcase name="user_history" time="11.899" classname="testcases.UserManagementTestCase"/>
  <testcase name="user_management_home" time="5.658" classname="testcases.UserManagementTestCase"/>
</testsuite> <!-- login Page Test Case -->
