<?xml version="1.0" encoding="UTF-8"?>
<!-- Generated by org.testng.reporters.JUnitXMLReporter -->
<testsuite hostname="DESKTOP-HRIOVEA" ignored="0" name="login Page Test Case" tests="2" failures="0" timestamp="2019-12-30T20:30:59 IST" time="43.082" errors="0">
  <testcase name="verfiylogin" time="5.5" classname="testcases.UserManagementTestCase"/>
  <testcase name="verifyclickonusermanagement" time="5.979" classname="testcases.UserManagementTestCase"/>
</testsuite> <!-- login Page Test Case -->
