<?xml version="1.0" encoding="UTF-8"?>
<!-- Generated by org.testng.reporters.JUnitXMLReporter -->
<testsuite hostname="DESKTOP-HRIOVEA" ignored="0" name="Default test" tests="4" failures="0" timestamp="2019-12-21T14:23:02 IST" time="25.4" errors="0">
  <testcase name="loginpage" time="0.644" classname="testcases.UserManagementTestCase"/>
  <testcase name="click_on_usermanagement" time="7.329" classname="testcases.UserManagementTestCase"/>
  <testcase name="user_history" time="11.596" classname="testcases.UserManagementTestCase"/>
  <testcase name="user_management_home" time="5.768" classname="testcases.UserManagementTestCase"/>
</testsuite> <!-- Default test -->
